Based on the system update log, I'll provide a comprehensive analysis:

ANALYSIS_COMPLETE: true
ISSUES_FOUND: true
CRITICAL_COUNT: 0
HIGH_COUNT: 2
MEDIUM_COUNT: 3
LOW_COUNT: 4

ISSUES:

SEVERITY: HIGH
PROBLEM: Failed installation of tiny-rdm package
IMPACT: Package cannot be updated, potential missing functionality
FIX_COMMANDS:
- Manually investigate package build: `yay -S tiny-rdm`
- Check NVM configuration: `nvm use --delete-prefix v20.19.4`
- Verify Node.js installation and compatibility

END_ISSUE

SEVERITY: HIGH
PROBLEM: Numerous permission denied warnings during package updates
IMPACT: Potential security and functionality issues with system services
FIX_COMMANDS:
- Check file permissions: `sudo chmod -R 755 /etc/audit/plugins.d/`
- Verify ownership: `sudo chown -R root:root /var/named /var/cache/cups /var/spool/cups /var/lib/nfs`

END_ISSUE

SEVERITY: MEDIUM
PROBLEM: Multiple .pacnew configuration files exist
IMPACT: System configuration may be outdated or inconsistent
FIX_COMMANDS:
- Review and merge .pacnew files:
  `sudo pacdiff`

END_ISSUE

SEVERITY: MEDIUM
PROBLEM: Orphaned packages detected
IMPACT: Potential unused disk space and unnecessary package management overhead
FIX_COMMANDS:
- Remove orphaned packages:
  `sudo pacman -Rns $(pacman -Qtdq)`

END_ISSUE

SEVERITY: MEDIUM
PROBLEM: Conflicting package versions between local and repository
IMPACT: Potential update and synchronization issues
FIX_COMMANDS:
- Manually resolve version conflicts for:
  - dracula-icons-git
  - nomacs

END_ISSUE

SEVERITY: LOW
PROBLEM: Multiple Docker/network interface kernel messages
IMPACT: Potential network interface reconfiguration events
FIX_COMMANDS:
- Monitor network interfaces
- Check Docker network configuration

END_ISSUE

SEVERITY: LOW
PROBLEM: Skipped PGP signature verification
IMPACT: Potential security risk with package authenticity
FIX_COMMANDS:
- Enable PGP signature verification in pacman configuration
- Manually verify package sources

END_ISSUE

SEVERITY: LOW
PROBLEM: AUR packages flagged as out of date
IMPACT: Potential stability or security issues
FIX_COMMANDS:
- Review and update:
  - windsurf
  - xcursor-simpleandsoft

END_ISSUE

SUMMARY: The system update encountered several non-critical issues primarily related to package management, permissions, and configuration files. While no critical failures were detected, it is recommended to manually resolve package conflicts, merge configuration files, and verify system permissions. The tiny-rdm package installation failed and requires specific attention to Node.js and NVM configuration.

Recommended next steps:
1. Manually resolve tiny-rdm package installation
2. Run `pacdiff` to merge configuration files
3. Clean up orphaned packages
4. Review and fix permission issues
5. Verify package signatures and authenticity
