I'll analyze the system update results and provide a comprehensive assessment.

ANALYSIS_COMPLETE: true
ISSUES_FOUND: true
CRITICAL_COUNT: 0
HIGH_COUNT: 2
MEDIUM_COUNT: 3
LOW_COUNT: 1

ISSUES:
1. 
SEVERITY: HIGH
PROBLEM: Multiple Permission Denied Warnings During Package Updates
IMPACT: Potential configuration and system service disruptions
FIX_COMMANDS:
```bash
sudo chmod -R 755 /etc/audit/plugins.d/
sudo chmod 755 /var/named/
sudo chmod 755 /var/cache/cups/
sudo chmod 755 /var/lib/nfs/statd/
```
END_ISSUE

2. 
SEVERITY: HIGH
PROBLEM: Deprecated Microcode Hook in mkinitcpio Configuration
IMPACT: Potential kernel initialization and microcode update issues
FIX_COMMANDS:
```bash
sudo sed -i 's/ALL_microcode/microcode/g' /etc/mkinitcpio.d/linux.preset
sudo mkinitcpio -P
```
END_ISSUE

3. 
SEVERITY: MEDIUM
PROBLEM: Orphaned Package Detected (lolcat)
IMPACT: Potential unnecessary disk space usage
FIX_COMMANDS:
```bash
sudo pacman -Rns lolcat
```
END_ISSUE

4. 
SEVERITY: MEDIUM
PROBLEM: Packages Newer in local repository than in chaotic-aur
IMPACT: Potential package management inconsistencies
FIX_COMMANDS:
```bash
# Monitor these packages
# dracar-icons-git
# nomacs
```
END_ISSUE

5. 
SEVERITY: MEDIUM
PROBLEM: Missing Configuration File for edu-shells-git
IMPACT: Potential shell configuration incompleteness
FIX_COMMANDS:
```bash
# Investigate and potentially reinstall or configure edu-shells-git
sudo pacman -S edu-shells-git
```
END_ISSUE

6. 
SEVERITY: LOW
PROBLEM: Upstream Binary Name Change for Telegram Desktop
IMPACT: Minimal, potential script or launcher compatibility
FIX_COMMANDS:
```bash
# Check and update any existing scripts or launchers referencing 'telegram-desktop'
# Now use 'Telegram' instead
```
END_ISSUE

SUMMARY: The system update was mostly successful, with 20 packages upgraded. However, there are several permission and configuration issues that require attention, including permission denied warnings, a deprecated microcode hook, and an orphaned package. No critical failures were detected, but recommended fixes will improve system stability and configuration management.

Recommendations:
1. Review and apply the suggested fix commands
2. Verify system services and functionality after applying fixes
3. Consider periodic package cleanup and configuration review

Would you like me to elaborate on any of these issues or help you implement the recommended fixes?
